<?xml version="1.0" encoding="UTF-8"?>
<!-- Generated by org.testng.reporters.JUnitReportReporter -->
<testsuite hostname="DESKTOP-I7693BL" failures="0" tests="3" name="TestCalc" time="0.012" errors="0" timestamp="2021-08-15T22:14:36 IST" skipped="0">
  <testcase classname="TestCalc" name="init" time="0.008"/>
  <system-out/>
  <testcase classname="TestCalc" name="test2returnsinglevalue" time="0.001"/>
  <system-out/>
  <testcase classname="TestCalc" name="test1emptystring" time="0.003"/>
  <system-out/>
</testsuite> <!-- TestCalc -->
