<?xml version="1.0" encoding="UTF-8"?>
<!-- Generated by org.testng.reporters.JUnitReportReporter -->
<testsuite hostname="DESKTOP-I7693BL" failures="0" tests="1" name="TestCalc" time="0.008" errors="0" timestamp="2021-08-15T22:03:44 IST" skipped="0">
  <testcase classname="TestCalc" name="test1emptystring" time="0.008"/>
  <system-out/>
</testsuite> <!-- TestCalc -->
