<?xml version="1.0" encoding="UTF-8"?>
<!-- Generated by org.testng.reporters.JUnitReportReporter -->
<testsuite hostname="DESKTOP-I7693BL" failures="0" tests="2" name="TestCalc" time="0.011" errors="0" timestamp="2021-08-15T22:09:43 IST" skipped="0">
  <testcase classname="TestCalc" name="test1emptystring" time="0.010"/>
  <system-out/>
  <testcase classname="TestCalc" name="test2returnsinglevalue" time="0.001"/>
  <system-out/>
</testsuite> <!-- TestCalc -->
