<?xml version="1.0" encoding="UTF-8"?>
<!-- Generated by org.testng.reporters.JUnitReportReporter -->
<testsuite hostname="DESKTOP-I7693BL" failures="0" tests="4" name="TestCalc" time="0.012" errors="0" timestamp="2021-08-15T22:22:57 IST" skipped="0">
  <testcase classname="TestCalc" name="test2returnsinglevalue" time="0.000"/>
  <system-out/>
  <testcase classname="TestCalc" name="test3returnsumoftwoinput" time="0.001"/>
  <system-out/>
  <testcase classname="TestCalc" name="test1emptystring" time="0.002"/>
  <system-out/>
  <testcase classname="TestCalc" name="init" time="0.009"/>
  <system-out/>
</testsuite> <!-- TestCalc -->
