<?xml version="1.0" encoding="UTF-8"?>
<!-- Generated by org.testng.reporters.JUnitReportReporter -->
<testsuite hostname="DESKTOP-I7693BL" failures="0" tests="9" name="TestCalc" time="0.016" errors="0" timestamp="2021-08-18T13:41:36 IST" skipped="0">
  <testcase classname="TestCalc" name="test6throwsexceptionfornegativeinputs" time="0.002"/>
  <system-out/>
  <testcase classname="TestCalc" name="test4returnssumwithnewlinedelimiter" time="0.002"/>
  <system-out/>
  <testcase classname="TestCalc" name="test7ignorenumbergreaterthan1000" time="0.001"/>
  <system-out/>
  <testcase classname="TestCalc" name="test2returnsinglevalue" time="0.001"/>
  <system-out/>
  <testcase classname="TestCalc" name="test3returnsumoftwoinput" time="0.001"/>
  <system-out/>
  <testcase classname="TestCalc" name="test8formultiplenegatives" time="0.001"/>
  <system-out/>
  <testcase classname="TestCalc" name="test1emptystring" time="0.006"/>
  <system-out/>
  <testcase classname="TestCalc" name="test5threenumsum" time="0.001"/>
  <system-out/>
  <testcase classname="TestCalc" name="test9addmethodinvokedcount" time="0.001"/>
  <system-out/>
</testsuite> <!-- TestCalc -->
